[backblue.gif]
[fade.gif]
[index.html]
[demo.interface.club/limitless/demo/template/assets/demo/demo_configurator.js]
[demo.interface.club/limitless/demo/template/assets/js/bootstrap/bootstrap.bundle.min.js]
[demo.interface.club/limitless/demo/template/assets/js/vendor/visualization/d3/d3.min.js]
[demo.interface.club/limitless/demo/template/assets/js/vendor/visualization/d3/d3_tooltip.js]
[demo.interface.club/limitless/demo/template/html/layout_1/full/assets/js/app.js]
[demo.interface.club/limitless/demo/template/assets/demo/pages/dashboard.js]
[demo.interface.club/limitless/demo/template/assets/demo/charts/pages/dashboard/streamgraph.js]
[demo.interface.club/limitless/demo/template/assets/demo/charts/pages/dashboard/sparklines.js]
[demo.interface.club/limitless/demo/template/assets/demo/charts/pages/dashboard/lines.js]
[demo.interface.club/limitless/demo/template/assets/demo/charts/pages/dashboard/areas.js]
[demo.interface.club/limitless/demo/template/assets/demo/charts/pages/dashboard/donuts.js]
[demo.interface.club/limitless/demo/template/assets/demo/charts/pages/dashboard/bars.js]
[demo.interface.club/limitless/demo/template/assets/demo/charts/pages/dashboard/progress.js]
[demo.interface.club/limitless/demo/template/assets/demo/charts/pages/dashboard/heatmaps.js]
[demo.interface.club/limitless/demo/template/assets/demo/charts/pages/dashboard/pies.js]
[demo.interface.club/limitless/demo/template/assets/demo/charts/pages/dashboard/bullets.js]
[demo.interface.club/limitless/demo/template/assets/images/demo/users/face10.jpg]
[demo.interface.club/limitless/demo/template/assets/images/demo/users/face3.jpg]
[demo.interface.club/limitless/demo/template/assets/images/demo/users/face24.jpg]
[demo.interface.club/limitless/demo/template/assets/images/demo/users/face4.jpg]
[demo.interface.club/limitless/demo/template/assets/images/demo/users/face25.jpg]
[demo.interface.club/limitless/demo/template/assets/images/demo/users/face11.jpg]
[demo.interface.club/limitless/demo/template/assets/images/demo/users/face1.jpg]
[demo.interface.club/limitless/demo/template/assets/images/demo/users/face15.jpg]
[demo.interface.club/limitless/demo/template/assets/images/demo/users/face8.jpg]
[demo.interface.club/limitless/demo/template/assets/images/demo/flat/1.png]
[demo.interface.club/limitless/demo/template/assets/images/demo/flat/21.png]
[demo.interface.club/limitless/demo/template/assets/images/demo/flat/12.png]
[demo.interface.club/limitless/demo/template/assets/images/demo/flat/18.png]
[demo.interface.club/limitless/demo/template/assets/images/demo/users/face2.jpg]
[demo.interface.club/limitless/demo/template/assets/images/demo/users/face7.jpg]
[demo.interface.club/limitless/demo/template/assets/images/demo/users/face18.jpg]
[demo.interface.club/limitless/demo/template/assets/images/demo/users/face14.jpg]
[demo.interface.club/limitless/demo/template/assets/images/demo/users/face12.jpg]
[demo.interface.club/limitless/demo/template/assets/images/demo/users/face22.jpg]
[demo.interface.club/limitless/demo/template/assets/images/demo/users/face17.jpg]
[demo.interface.club/limitless/demo/template/assets/images/demo/users/face13.jpg]
[demo.interface.club/limitless/assets/images/layouts/layout_1.png]
[demo.interface.club/limitless/assets/images/layouts/layout_2.png]
[demo.interface.club/limitless/assets/images/layouts/layout_3.png]
[demo.interface.club/limitless/assets/images/layouts/layout_4.png]
[demo.interface.club/limitless/assets/images/layouts/layout_5.png]
[demo.interface.club/limitless/assets/images/layouts/layout_6.png]
[demo.interface.club/limitless/demo/template/html/layout_1/full/index.html]
[demo.interface.club/limitless/demo/template/assets/fonts/inter/Inter-Thin32a8.woff]
[demo.interface.club/limitless/demo/template/assets/fonts/inter/Inter-ExtraLight32a8.woff]
[demo.interface.club/limitless/demo/template/assets/fonts/inter/Inter-Light32a8.woff]
[demo.interface.club/limitless/demo/template/assets/fonts/inter/Inter-Regular32a8.woff]
[demo.interface.club/limitless/demo/template/assets/fonts/inter/Inter-Medium32a8.woff]
[demo.interface.club/limitless/demo/template/assets/fonts/inter/Inter-SemiBold32a8.woff]
[demo.interface.club/limitless/demo/template/assets/fonts/inter/Inter-Bold32a8.woff]
[demo.interface.club/limitless/demo/template/assets/fonts/inter/Inter-ExtraBold32a8.woff]
[demo.interface.club/limitless/demo/template/assets/fonts/inter/Inter-Black32a8.woff]
[demo.interface.club/limitless/demo/template/assets/fonts/inter/inter.css]
[demo.interface.club/limitless/demo/template/assets/icons/phosphor/fonts/Phosphorccca.ttf]
[demo.interface.club/limitless/demo/template/assets/icons/phosphor/fonts/Phosphorccca.woff]
[demo.interface.club/limitless/demo/template/assets/icons/phosphor/styles.min.css]
[demo.interface.club/limitless/demo/template/assets/images/backgrounds/boxed_bg.png]
[demo.interface.club/limitless/demo/template/html/layout_1/full/assets/css/ltr/all.min.css]
[demo.interface.club/limitless/demo/template/assets/js/vendor/forms/inputs/autocomplete.min.js]
[demo.interface.club/limitless/demo/template/assets/demo/pages/form_autocomplete.js]
[demo.interface.club/limitless/demo/template/html/layout_1/full/form_autocomplete.html]
[demo.interface.club/limitless/demo/template/html/layout_1/full/form_checkboxes_radios.html]
[demo.interface.club/limitless/demo/template/assets/js/vendor/forms/inputs/dual_listbox.min.js]
[demo.interface.club/limitless/demo/template/assets/demo/pages/form_dual_listboxes.js]
[demo.interface.club/limitless/demo/template/html/layout_1/full/form_dual_listboxes.html]
[demo.interface.club/limitless/demo/template/assets/js/jquery/jquery.min.js]
[demo.interface.club/limitless/demo/template/assets/js/vendor/forms/inputs/imask.min.js]
[demo.interface.club/limitless/demo/template/assets/js/vendor/forms/inputs/autosize.min.js]
[demo.interface.club/limitless/demo/template/assets/js/vendor/forms/inputs/passy.js]
[demo.interface.club/limitless/demo/template/assets/js/vendor/forms/inputs/maxlength.min.js]
[demo.interface.club/limitless/demo/template/assets/demo/pages/form_controls_extended.js]
[demo.interface.club/limitless/demo/template/html/layout_1/full/form_controls_extended.html]
[demo.interface.club/limitless/demo/template/html/layout_1/full/form_floating_labels.html]
[demo.interface.club/limitless/demo/template/html/layout_1/full/form_actions.html]
[demo.interface.club/limitless/demo/template/assets/js/vendor/forms/wizards/steps.min.js]
[demo.interface.club/limitless/demo/template/assets/js/vendor/forms/validation/validate.min.js]
[demo.interface.club/limitless/demo/template/assets/demo/pages/form_wizard.js]
[demo.interface.club/limitless/demo/template/html/layout_1/full/form_wizard.html]
[demo.interface.club/limitless/demo/template/html/layout_1/full/form_inputs.html]
[demo.interface.club/limitless/demo/template/html/layout_1/full/form_input_groups.html]
[demo.interface.club/limitless/demo/template/assets/js/vendor/forms/selects/bootstrap_multiselect.js]
[demo.interface.club/limitless/demo/template/assets/demo/pages/form_multiselect.js]
[demo.interface.club/limitless/demo/template/html/layout_1/full/form_multiselect.html]
[demo.interface.club/limitless/demo/template/assets/js/vendor/forms/selects/select2.min.js]
[demo.interface.club/limitless/demo/template/assets/demo/pages/form_select2.js]
[demo.interface.club/limitless/demo/template/html/layout_1/full/form_select2.html]
[demo.interface.club/limitless/demo/template/assets/js/vendor/forms/tags/tokenfield.min.js]
[demo.interface.club/limitless/demo/template/assets/demo/pages/form_tags.js]
[demo.interface.club/limitless/demo/template/html/layout_1/full/form_tags.html]
[demo.interface.club/limitless/demo/template/assets/demo/pages/form_validation_styles.js]
[demo.interface.club/limitless/demo/template/html/layout_1/full/form_validation_styles.html]
[demo.interface.club/limitless/demo/template/assets/demo/pages/form_validation_library.js]
[demo.interface.club/limitless/demo/template/html/layout_1/full/form_validation_library.html]
[demo.interface.club/limitless/demo/template/assets/js/vendor/editors/ckeditor/ckeditor_classic.js]
[demo.interface.club/limitless/demo/template/assets/demo/pages/editor_ckeditor_classic.js]
[c.cksource.com/a/1/img/sample.jpg]
[demo.interface.club/limitless/demo/template/html/layout_1/full/editor_ckeditor_classic.html]
[demo.interface.club/limitless/demo/template/assets/js/vendor/editors/ckeditor/ckeditor_document.js]
[demo.interface.club/limitless/demo/template/assets/demo/pages/editor_ckeditor_document.js]
[demo.interface.club/limitless/demo/template/html/layout_1/full/editor_ckeditor_document.html]
[c.cksource.com/a/1/img/docs/signature.png]
[demo.interface.club/limitless/demo/template/assets/js/vendor/editors/ckeditor/ckeditor_balloon.js]
[demo.interface.club/limitless/demo/template/assets/demo/pages/editor_ckeditor_balloon.js]
[demo.interface.club/limitless/demo/template/html/layout_1/full/editor_ckeditor_balloon.html]
[demo.interface.club/limitless/demo/template/assets/js/vendor/editors/quill/quill.min.js]
[demo.interface.club/limitless/demo/template/assets/demo/pages/editor_quill.js]
[demo.interface.club/limitless/demo/template/html/layout_1/full/editor_quill.html]
[demo.interface.club/limitless/demo/template/assets/js/vendor/editors/trumbowyg/trumbowyg.min.js]
[demo.interface.club/limitless/demo/template/assets/js/vendor/editors/trumbowyg/plugins/base64/trumbowyg.base64.min.js]
[demo.interface.club/limitless/demo/template/assets/js/vendor/editors/trumbowyg/plugins/cleanpaste/trumbowyg.cleanpaste.min.js]
[demo.interface.club/limitless/demo/template/assets/js/vendor/editors/trumbowyg/plugins/colors/trumbowyg.colors.min.js]
[demo.interface.club/limitless/demo/template/assets/js/vendor/editors/trumbowyg/plugins/insertaudio/trumbowyg.insertaudio.min.js]
[demo.interface.club/limitless/demo/template/assets/js/vendor/editors/trumbowyg/plugins/noembed/trumbowyg.noembed.min.js]
[demo.interface.club/limitless/demo/template/assets/js/vendor/editors/trumbowyg/plugins/preformatted/trumbowyg.preformatted.min.js]
[demo.interface.club/limitless/demo/template/assets/js/vendor/editors/trumbowyg/plugins/template/trumbowyg.template.min.js]
[demo.interface.club/limitless/demo/template/assets/js/vendor/editors/trumbowyg/plugins/upload/trumbowyg.upload.min.js]
[demo.interface.club/limitless/demo/template/assets/js/vendor/editors/trumbowyg/plugins/pasteimage/trumbowyg.pasteimage.min.js]
[demo.interface.club/limitless/demo/template/assets/demo/pages/editor_trumbowyg.js]
[demo.interface.club/limitless/demo/template/html/layout_1/full/editor_trumbowyg.html]
[demo.interface.club/limitless/demo/template/assets/js/vendor/editors/ace/ace.js]
[demo.interface.club/limitless/demo/template/assets/demo/pages/editor_code.js]
[demo.interface.club/limitless/demo/template/html/layout_1/full/editor_code.html]
[demo.interface.club/limitless/demo/template/assets/js/vendor/pickers/color/spectrum.js]
[demo.interface.club/limitless/demo/template/assets/demo/pages/picker_color.js]
[demo.interface.club/limitless/demo/template/html/layout_1/full/picker_color.html]
[demo.interface.club/limitless/demo/template/assets/js/vendor/ui/moment/moment.min.js]
[demo.interface.club/limitless/demo/template/assets/js/vendor/pickers/daterangepicker.js]
[demo.interface.club/limitless/demo/template/assets/js/vendor/pickers/datepicker.min.js]
[demo.interface.club/limitless/demo/template/assets/demo/pages/picker_date.js]
[demo.interface.club/limitless/demo/template/html/layout_1/full/picker_date.html]
[demo.interface.club/limitless/demo/template/assets/demo/pages/form_layouts.js]
[demo.interface.club/limitless/demo/template/html/layout_1/full/form_layout_horizontal.html]
[demo.interface.club/limitless/demo/template/html/layout_1/full/form_layout_vertical.html]
[demo.interface.club/limitless/demo/template/html/layout_1/full/form_layout_grid.html]
[demo.interface.club/limitless/demo/template/html/layout_1/full/components_accordion.html]
[demo.interface.club/limitless/demo/template/html/layout_1/full/components_alerts.html]
[demo.interface.club/limitless/demo/template/html/layout_1/full/components_badges.html]
[demo.interface.club/limitless/demo/template/html/layout_1/full/components_breadcrumbs.html]
[demo.interface.club/limitless/demo/template/assets/demo/pages/components_buttons.js]
[demo.interface.club/limitless/demo/template/html/layout_1/full/components_buttons.html]
[demo.interface.club/limitless/demo/template/assets/images/demo/carousel/1.jpg]
[demo.interface.club/limitless/demo/template/assets/images/demo/carousel/2.jpg]
[demo.interface.club/limitless/demo/template/assets/images/demo/carousel/3.jpg]
[demo.interface.club/limitless/demo/template/assets/images/demo/carousel/4.jpg]
[demo.interface.club/limitless/demo/template/assets/images/demo/carousel/5.jpg]
[demo.interface.club/limitless/demo/template/assets/images/demo/carousel/6.jpg]
[demo.interface.club/limitless/demo/template/assets/images/demo/carousel/7.jpg]
[demo.interface.club/limitless/demo/template/assets/images/demo/carousel/8.jpg]
[demo.interface.club/limitless/demo/template/html/layout_1/full/components_carousel.html]
[demo.interface.club/limitless/demo/template/html/layout_1/full/components_collapsible.html]
[demo.interface.club/limitless/demo/template/html/layout_1/full/components_dropdowns.html]
[demo.interface.club/limitless/demo/template/html/layout_1/full/components_list_group.html]
[demo.interface.club/limitless/demo/template/assets/images/demo/users/face16.jpg]
[demo.interface.club/limitless/demo/template/assets/images/demo/users/face5.jpg]
[demo.interface.club/limitless/demo/template/assets/images/demo/users/face6.jpg]
[demo.interface.club/limitless/demo/template/assets/images/demo/users/face9.jpg]
[demo.interface.club/limitless/demo/template/assets/images/demo/users/face19.jpg]
[demo.interface.club/limitless/demo/template/assets/images/demo/users/face20.jpg]
[demo.interface.club/limitless/demo/template/html/layout_1/full/components_media.html]
[demo.interface.club/limitless/demo/template/assets/js/vendor/notifications/bootbox.min.js]
[demo.interface.club/limitless/demo/template/assets/demo/pages/components_modals.js]
[demo.interface.club/limitless/demo/template/html/layout_1/full/components_modals.html]
[demo.interface.club/limitless/demo/template/assets/demo/pages/components_offcanvas.js]
[demo.interface.club/limitless/demo/template/html/layout_1/full/components_offcanvas.html]
[demo.interface.club/limitless/demo/template/html/layout_1/full/components_pagination.html]
[demo.interface.club/limitless/demo/template/html/layout_1/full/components_pills.html]
[demo.interface.club/limitless/demo/template/html/layout_1/full/components_placeholder.html]
[demo.interface.club/limitless/demo/template/assets/demo/pages/components_popovers.js]
[demo.interface.club/limitless/demo/template/html/layout_1/full/components_popovers.html]
[demo.interface.club/limitless/demo/template/assets/demo/pages/components_progress.js]
[demo.interface.club/limitless/demo/template/html/layout_1/full/components_progress.html]
[demo.interface.club/limitless/demo/template/assets/js/vendor/ui/prism.min.js]
[demo.interface.club/limitless/demo/template/html/layout_1/full/components_scrollspy.html]
[demo.interface.club/limitless/demo/template/html/layout_1/full/components_tabs.html]
[demo.interface.club/limitless/demo/template/html/layout_1/full/components_toasts.html]
[demo.interface.club/limitless/demo/template/assets/demo/pages/components_tooltips.js]
[demo.interface.club/limitless/demo/template/html/layout_1/full/components_tooltips.html]
[demo.interface.club/limitless/demo/template/assets/demo/pages/content_page_header.js]
[demo.interface.club/limitless/demo/template/html/layout_1/full/content_page_header.html]
[demo.interface.club/limitless/demo/template/html/layout_1/full/content_cards.html]
[demo.interface.club/limitless/demo/template/assets/js/vendor/sliders/nouislider.min.js]
[demo.interface.club/limitless/demo/template/assets/js/vendor/ui/dragula.min.js]
[demo.interface.club/limitless/demo/template/assets/demo/pages/content_cards_header.js]
[demo.interface.club/limitless/demo/template/html/layout_1/full/content_cards_header.html]
[demo.interface.club/limitless/demo/template/assets/demo/pages/content_cards_footer.js]
[demo.interface.club/limitless/demo/template/assets/images/demo/users/face21.jpg]
[demo.interface.club/limitless/demo/template/html/layout_1/full/content_cards_footer.html]
[demo.interface.club/limitless/demo/template/assets/js/vendor/media/glightbox.min.js]
[demo.interface.club/limitless/demo/template/assets/demo/pages/content_cards_content.js]
[demo.interface.club/limitless/demo/template/assets/images/demo/flat/4.png]
[demo.interface.club/limitless/demo/template/assets/images/demo/flat/7.png]
[demo.interface.club/limitless/demo/template/assets/images/demo/flat/5.png]
[demo.interface.club/limitless/demo/template/assets/images/demo/flat/8.png]
[demo.interface.club/limitless/demo/template/assets/images/demo/flat/6.png]
[demo.interface.club/limitless/demo/template/assets/images/demo/flat/9.png]
[demo.interface.club/limitless/demo/template/assets/images/demo/flat/2.png]
[demo.interface.club/limitless/demo/template/assets/images/demo/flat/3.png]
[demo.interface.club/limitless/demo/template/html/layout_1/full/content_cards_content.html]
[demo.interface.club/limitless/demo/template/assets/images/demo/flat/10.png]
[demo.interface.club/limitless/demo/template/assets/images/demo/flat/11.png]
[demo.interface.club/limitless/demo/template/assets/images/backgrounds/panel_bg.png]
[demo.interface.club/limitless/demo/template/assets/images/demo/blog/3.jpg]
[demo.interface.club/limitless/demo/template/assets/images/demo/blog/2.jpg]
[demo.interface.club/limitless/demo/template/assets/images/demo/blog/12.jpg]
[demo.interface.club/limitless/demo/template/html/layout_1/full/content_cards_layouts.html]
[demo.interface.club/limitless/demo/template/assets/demo/pages/content_cards_draggable.js]
[demo.interface.club/limitless/demo/template/html/layout_1/full/content_cards_draggable.html]
[demo.interface.club/limitless/demo/template/html/layout_1/full/content_helpers_flex.html]
[demo.interface.club/limitless/demo/template/html/layout_1/full/content_helpers.html]
[demo.interface.club/limitless/demo/template/html/layout_1/full/content_grid.html]
[demo.interface.club/limitless/demo/template/html/layout_1/full/content_syntax_highlighter.html]
[demo.interface.club/limitless/demo/template/html/layout_1/full/content_text_styling.html]
[demo.interface.club/limitless/demo/template/html/layout_1/full/content_typography.html]
[demo.interface.club/limitless/demo/template/assets/js/vendor/notifications/noty.min.js]
[demo.interface.club/limitless/demo/template/assets/demo/pages/extra_noty.js]
[demo.interface.club/limitless/demo/template/html/layout_1/full/extra_noty.html]
[demo.interface.club/limitless/demo/template/assets/js/vendor/notifications/sweet_alert.min.js]
[demo.interface.club/limitless/demo/template/assets/demo/pages/extra_sweetalert.js]
[demo.interface.club/limitless/demo/template/html/layout_1/full/extra_sweetalert.html]
[demo.interface.club/limitless/demo/template/assets/demo/pages/extra_sliders_noui.js]
[demo.interface.club/limitless/demo/template/html/layout_1/full/extra_sliders_noui.html]
[demo.interface.club/limitless/demo/template/assets/js/vendor/sliders/ion_rangeslider.min.js]
[demo.interface.club/limitless/demo/template/assets/js/vendor/ui/moment/moment_locales.min.js]
[demo.interface.club/limitless/demo/template/assets/demo/pages/extra_sliders_ion.js]
[demo.interface.club/limitless/demo/template/html/layout_1/full/extra_sliders_ion.html]
[demo.interface.club/limitless/demo/template/assets/js/vendor/trees/fancytree_all.min.js]
[demo.interface.club/limitless/demo/template/assets/js/vendor/trees/fancytree_childcounter.js]
[demo.interface.club/limitless/demo/template/assets/js/vendor/trees/fancytree.dnd5.js]
[demo.interface.club/limitless/demo/template/assets/demo/pages/extra_trees.js]
[demo.interface.club/limitless/demo/template/html/layout_1/full/extra_trees.html]
[demo.interface.club/limitless/demo/template/assets/js/vendor/ui/fab.min.js]
[demo.interface.club/limitless/demo/template/assets/demo/pages/extra_fab.js]
[demo.interface.club/limitless/demo/template/html/layout_1/full/extra_fab.html]
[demo.interface.club/limitless/demo/template/assets/js/vendor/extensions/session_timeout.min.js]
[demo.interface.club/limitless/demo/template/assets/demo/pages/extra_session_timeout.js]
[demo.interface.club/limitless/demo/template/html/layout_1/full/extra_session_timeout.html]
[demo.interface.club/limitless/demo/template/assets/demo/pages/extra_idle_timeout.js]
[demo.interface.club/limitless/demo/template/html/layout_1/full/extra_idle_timeout.html]
[demo.interface.club/limitless/demo/template/assets/demo/pages/colors_primary.js]
[demo.interface.club/limitless/demo/template/html/layout_1/full/colors_primary.html]
[demo.interface.club/limitless/demo/template/assets/demo/pages/colors_secondary.js]
[demo.interface.club/limitless/demo/template/html/layout_1/full/colors_secondary.html]
[demo.interface.club/limitless/demo/template/assets/demo/pages/colors_danger.js]
[demo.interface.club/limitless/demo/template/html/layout_1/full/colors_danger.html]
[demo.interface.club/limitless/demo/template/assets/demo/pages/colors_success.js]
[demo.interface.club/limitless/demo/template/html/layout_1/full/colors_success.html]
[demo.interface.club/limitless/demo/template/assets/demo/pages/colors_warning.js]
[demo.interface.club/limitless/demo/template/html/layout_1/full/colors_warning.html]
[demo.interface.club/limitless/demo/template/assets/demo/pages/colors_info.js]
[demo.interface.club/limitless/demo/template/html/layout_1/full/colors_info.html]
[demo.interface.club/limitless/demo/template/assets/demo/pages/colors_pink.js]
[demo.interface.club/limitless/demo/template/html/layout_1/full/colors_pink.html]
[demo.interface.club/limitless/demo/template/assets/demo/pages/colors_purple.js]
[demo.interface.club/limitless/demo/template/html/layout_1/full/colors_purple.html]
[demo.interface.club/limitless/demo/template/assets/demo/pages/colors_indigo.js]
[demo.interface.club/limitless/demo/template/html/layout_1/full/colors_indigo.html]
[demo.interface.club/limitless/demo/template/assets/demo/pages/colors_teal.js]
[demo.interface.club/limitless/demo/template/html/layout_1/full/colors_teal.html]
[demo.interface.club/limitless/demo/template/assets/demo/pages/colors_yellow.js]
[demo.interface.club/limitless/demo/template/html/layout_1/full/colors_yellow.html]
[demo.interface.club/limitless/demo/template/assets/demo/pages/animations_css3.js]
[demo.interface.club/limitless/demo/template/html/layout_1/full/animations_css3.html]
[demo.interface.club/limitless/demo/template/assets/js/vendor/velocity/velocity.min.js]
[demo.interface.club/limitless/demo/template/assets/demo/pages/animations_velocity_basic.js]
[demo.interface.club/limitless/demo/template/html/layout_1/full/animations_velocity_basic.html]
[demo.interface.club/limitless/demo/template/assets/js/vendor/velocity/velocity.ui.min.js]
[demo.interface.club/limitless/demo/template/assets/demo/pages/animations_velocity_ui.js]
[demo.interface.club/limitless/demo/template/html/layout_1/full/animations_velocity_ui.html]
[demo.interface.club/limitless/demo/template/assets/demo/pages/animations_velocity_examples.js]
[demo.interface.club/limitless/demo/template/html/layout_1/full/animations_velocity_examples.html]
[demo.interface.club/limitless/demo/template/html/layout_1/full/icons_phosphor.html]
[demo.interface.club/limitless/demo/template/html/layout_1/full/icons_icomoon.html]
[demo.interface.club/limitless/demo/template/html/layout_1/full/icons_material.html]
[demo.interface.club/limitless/demo/template/html/layout_1/full/icons_fontawesome.html]
[demo.interface.club/limitless/demo/template/html/layout_1/full/layout_static.html]
[demo.interface.club/limitless/demo/template/html/layout_1/full/layout_no_header.html]
[demo.interface.club/limitless/demo/template/html/layout_1/full/layout_no_footer.html]
[demo.interface.club/limitless/demo/template/html/layout_1/full/layout_fixed_header.html]
[demo.interface.club/limitless/demo/template/html/layout_1/full/layout_fixed_footer.html]
[demo.interface.club/limitless/demo/template/html/layout_1/full/layout_2_sidebars_1_side.html]
[demo.interface.club/limitless/demo/template/html/layout_1/full/layout_2_sidebars_2_sides.html]
[demo.interface.club/limitless/demo/template/html/layout_1/full/layout_3_sidebars.html]
[demo.interface.club/limitless/demo/template/html/layout_1/full/layout_boxed_page.html]
[demo.interface.club/limitless/demo/template/html/layout_1/full/layout_boxed_content.html]
[demo.interface.club/limitless/demo/template/html/layout_1/full/sidebar_default_resizable.html]
[demo.interface.club/limitless/demo/template/html/layout_1/full/sidebar_default_resized.html]
[demo.interface.club/limitless/demo/template/html/layout_1/full/sidebar_default_collapsible.html]
[demo.interface.club/limitless/demo/template/html/layout_1/full/sidebar_default_collapsed.html]
[demo.interface.club/limitless/demo/template/html/layout_1/full/sidebar_default_hideable.html]
[demo.interface.club/limitless/demo/template/html/layout_1/full/sidebar_default_hidden.html]
[demo.interface.club/limitless/demo/template/html/layout_1/full/sidebar_default_color_light.html]
[demo.interface.club/limitless/demo/template/html/layout_1/full/sidebar_secondary_collapsible.html]
[demo.interface.club/limitless/demo/template/html/layout_1/full/sidebar_secondary_collapsed.html]
[demo.interface.club/limitless/demo/template/html/layout_1/full/sidebar_secondary_hideable.html]
[demo.interface.club/limitless/demo/template/html/layout_1/full/sidebar_secondary_hidden.html]
[demo.interface.club/limitless/demo/template/html/layout_1/full/sidebar_secondary_color_dark.html]
[demo.interface.club/limitless/demo/template/html/layout_1/full/sidebar_right_collapsible.html]
[demo.interface.club/limitless/demo/template/html/layout_1/full/sidebar_right_collapsed.html]
[demo.interface.club/limitless/demo/template/html/layout_1/full/sidebar_right_hideable.html]
[demo.interface.club/limitless/demo/template/html/layout_1/full/sidebar_right_hidden.html]
[demo.interface.club/limitless/demo/template/html/layout_1/full/sidebar_right_color_dark.html]
[demo.interface.club/limitless/demo/template/html/layout_1/full/sidebar_content_left.html]
[demo.interface.club/limitless/demo/template/html/layout_1/full/sidebar_content_left_stretch.html]
[demo.interface.club/limitless/demo/template/html/layout_1/full/sidebar_content_left_sections.html]
[demo.interface.club/limitless/demo/template/html/layout_1/full/sidebar_content_right.html]
[demo.interface.club/limitless/demo/template/html/layout_1/full/sidebar_content_right_stretch.html]
[demo.interface.club/limitless/demo/template/html/layout_1/full/sidebar_content_right_sections.html]
[demo.interface.club/limitless/demo/template/html/layout_1/full/sidebar_content_color_dark.html]
[demo.interface.club/limitless/demo/template/html/layout_1/full/sidebar_sticky_header.html]
[demo.interface.club/limitless/demo/template/html/layout_1/full/sidebar_sticky_footer.html]
[demo.interface.club/limitless/demo/template/html/layout_1/full/sidebar_sticky_header_footer.html]
[demo.interface.club/limitless/demo/template/html/layout_1/full/sidebar_sticky_custom.html]
[demo.interface.club/limitless/demo/template/assets/demo/pages/sidebar_components.js]
[demo.interface.club/limitless/demo/template/assets/images/demo/images/1.png]
[demo.interface.club/limitless/demo/template/assets/images/demo/images/2.png]
[demo.interface.club/limitless/demo/template/assets/images/demo/images/3.png]
[demo.interface.club/limitless/demo/template/assets/images/demo/images/4.png]
[demo.interface.club/limitless/demo/template/assets/images/demo/images/5.png]
[demo.interface.club/limitless/demo/template/assets/images/demo/images/6.png]
[demo.interface.club/limitless/demo/template/assets/images/demo/images/7.png]
[demo.interface.club/limitless/demo/template/assets/images/demo/images/8.png]
[demo.interface.club/limitless/demo/template/assets/images/demo/images/9.png]
[demo.interface.club/limitless/demo/template/html/layout_1/full/sidebar_components.html]
[demo.interface.club/limitless/demo/template/html/layout_1/full/navbar_single_bottom_fixed.html]
[demo.interface.club/limitless/demo/template/html/layout_1/full/navbar_single_header_before.html]
[demo.interface.club/limitless/demo/template/html/layout_1/full/navbar_single_header_before_fixed.html]
[demo.interface.club/limitless/demo/template/html/layout_1/full/navbar_single_header_after.html]
[demo.interface.club/limitless/demo/template/html/layout_1/full/navbar_single_header_after_sticky.html]
[demo.interface.club/limitless/demo/template/html/layout_1/full/navbar_multiple_top.html]
[demo.interface.club/limitless/demo/template/html/layout_1/full/navbar_multiple_bottom_static.html]
[demo.interface.club/limitless/demo/template/html/layout_1/full/navbar_multiple_bottom_fixed.html]
[demo.interface.club/limitless/demo/template/html/layout_1/full/navbar_multiple_top_bottom_fixed.html]
[demo.interface.club/limitless/demo/template/html/layout_1/full/navbar_component_single.html]
[demo.interface.club/limitless/demo/template/html/layout_1/full/navbar_component_multiple.html]
[demo.interface.club/limitless/demo/template/html/layout_1/full/navbar_colors.html]
[demo.interface.club/limitless/demo/template/html/layout_1/full/navbar_sizes.html]
[demo.interface.club/limitless/demo/template/assets/demo/pages/navbar_components.js]
[demo.interface.club/limitless/demo/template/html/layout_1/full/navbar_components.html]
[demo.interface.club/limitless/demo/template/html/layout_1/full/navigation_vertical_styles.html]
[demo.interface.club/limitless/demo/template/html/layout_1/full/navigation_vertical_collapsible.html]
[demo.interface.club/limitless/demo/template/html/layout_1/full/navigation_vertical_accordion.html]
[demo.interface.club/limitless/demo/template/html/layout_1/full/navigation_vertical_bordered.html]
[demo.interface.club/limitless/demo/template/html/layout_1/full/navigation_vertical_right_icons.html]
[demo.interface.club/limitless/demo/template/html/layout_1/full/navigation_vertical_badges.html]
[demo.interface.club/limitless/demo/template/html/layout_1/full/navigation_vertical_disabled.html]
[demo.interface.club/limitless/demo/template/html/layout_1/full/navigation_horizontal_styles.html]
[demo.interface.club/limitless/demo/template/assets/images/pie-chart.png]
[demo.interface.club/limitless/demo/template/html/layout_1/full/navigation_horizontal_elements.html]
[demo.interface.club/limitless/demo/template/html/layout_1/full/navigation_horizontal_tabs.html]
[demo.interface.club/limitless/demo/template/html/layout_1/full/navigation_horizontal_disabled.html]
[demo.interface.club/limitless/demo/template/html/layout_1/full/navigation_horizontal_mega.html]
[demo.interface.club/limitless/demo/template/assets/js/vendor/visualization/echarts/echarts.min.js]
[demo.interface.club/limitless/demo/template/assets/demo/charts/echarts/lines/lines_basic.js]
[demo.interface.club/limitless/demo/template/assets/demo/charts/echarts/lines/lines_stacked.js]
[demo.interface.club/limitless/demo/template/assets/demo/charts/echarts/lines/lines_inverted_axes.js]
[demo.interface.club/limitless/demo/template/assets/demo/charts/echarts/lines/lines_multiple.js]
[demo.interface.club/limitless/demo/template/assets/demo/charts/echarts/lines/lines_point_values.js]
[demo.interface.club/limitless/demo/template/assets/demo/charts/echarts/lines/lines_zoom.js]
[demo.interface.club/limitless/demo/template/html/layout_1/full/echarts_lines.html]
[demo.interface.club/limitless/demo/template/assets/demo/charts/echarts/lines/area_basic.js]
[demo.interface.club/limitless/demo/template/assets/demo/charts/echarts/lines/area_stacked.js]
[demo.interface.club/limitless/demo/template/assets/demo/charts/echarts/lines/area_reversed_axis.js]
[demo.interface.club/limitless/demo/template/assets/demo/charts/echarts/lines/area_multiple.js]
[demo.interface.club/limitless/demo/template/assets/demo/charts/echarts/lines/area_point_values.js]
[demo.interface.club/limitless/demo/template/assets/demo/charts/echarts/lines/area_zoom.js]
[demo.interface.club/limitless/demo/template/html/layout_1/full/echarts_areas.html]
[demo.interface.club/limitless/demo/template/assets/demo/charts/echarts/bars/columns_basic.js]
[demo.interface.club/limitless/demo/template/assets/demo/charts/echarts/bars/columns_stacked.js]
[demo.interface.club/limitless/demo/template/assets/demo/charts/echarts/bars/columns_thermometer.js]
[demo.interface.club/limitless/demo/template/assets/demo/charts/echarts/bars/columns_stacked_clustered.js]
[demo.interface.club/limitless/demo/template/assets/demo/charts/echarts/bars/columns_timeline.js]
[demo.interface.club/limitless/demo/template/assets/demo/charts/echarts/bars/waterfall_compositive.js]
[demo.interface.club/limitless/demo/template/assets/demo/charts/echarts/bars/waterfall_change.js]
[demo.interface.club/limitless/demo/template/html/layout_1/full/echarts_columns_waterfalls.html]
[demo.interface.club/limitless/demo/template/assets/demo/charts/echarts/bars/bars_basic.js]
[demo.interface.club/limitless/demo/template/assets/demo/charts/echarts/bars/bars_stacked.js]
[demo.interface.club/limitless/demo/template/assets/demo/charts/echarts/bars/bars_stacked_clustered.js]
[demo.interface.club/limitless/demo/template/assets/demo/charts/echarts/bars/bars_floating.js]
[demo.interface.club/limitless/demo/template/assets/demo/charts/echarts/bars/bars_line.js]
[demo.interface.club/limitless/demo/template/assets/demo/charts/echarts/bars/tornado_negative_stack.js]
[demo.interface.club/limitless/demo/template/assets/demo/charts/echarts/bars/tornado_staggered.js]
[demo.interface.club/limitless/demo/template/html/layout_1/full/echarts_bars_tornados.html]
[demo.interface.club/limitless/demo/template/assets/demo/charts/echarts/scatter/scatter_basic.js]
[demo.interface.club/limitless/demo/template/assets/demo/charts/echarts/scatter/scatter_size.js]
[demo.interface.club/limitless/demo/template/assets/demo/charts/echarts/scatter/scatter_scale.js]
[demo.interface.club/limitless/demo/template/assets/demo/charts/echarts/scatter/scatter_roaming.js]
[demo.interface.club/limitless/demo/template/assets/demo/charts/echarts/scatter/scatter_category.js]
[demo.interface.club/limitless/demo/template/assets/demo/charts/echarts/scatter/scatter_punch.js]
[demo.interface.club/limitless/demo/template/html/layout_1/full/echarts_scatter.html]
[demo.interface.club/limitless/demo/template/assets/demo/charts/echarts/pies/pie_basic.js]
[demo.interface.club/limitless/demo/template/assets/demo/charts/echarts/pies/pie_donut.js]
[demo.interface.club/limitless/demo/template/assets/demo/charts/echarts/pies/pie_nested.js]
[demo.interface.club/limitless/demo/template/assets/demo/charts/echarts/pies/pie_infographic.js]
[demo.interface.club/limitless/demo/template/assets/demo/charts/echarts/pies/pie_rose.js]
[demo.interface.club/limitless/demo/template/assets/demo/charts/echarts/pies/pie_rose_labels.js]
[demo.interface.club/limitless/demo/template/assets/demo/charts/echarts/pies/pie_levels.js]
[demo.interface.club/limitless/demo/template/assets/demo/charts/echarts/pies/pie_timeline.js]
[demo.interface.club/limitless/demo/template/assets/demo/charts/echarts/pies/pie_multiple.js]
[demo.interface.club/limitless/demo/template/html/layout_1/full/echarts_pies_donuts.html]
[demo.interface.club/limitless/demo/template/assets/demo/charts/echarts/funnels/funnel_basic.js]
[demo.interface.club/limitless/demo/template/assets/demo/charts/echarts/funnels/funnel_sorting.js]
[demo.interface.club/limitless/demo/template/assets/demo/charts/echarts/funnels/funnel_right.js]
[demo.interface.club/limitless/demo/template/assets/demo/charts/echarts/funnels/funnel_left.js]
[demo.interface.club/limitless/demo/template/assets/demo/charts/echarts/funnels/funnel_multiple_overlay.js]
[demo.interface.club/limitless/demo/template/assets/demo/charts/echarts/funnels/funnel_multiple_separate.js]
[demo.interface.club/limitless/demo/template/assets/demo/charts/echarts/calendars/calendar_single.js]
[demo.interface.club/limitless/demo/template/assets/demo/charts/echarts/calendars/calendar_multiple.js]
[demo.interface.club/limitless/demo/template/html/layout_1/full/echarts_funnels_calendars.html]
[demo.interface.club/limitless/demo/template/assets/demo/charts/echarts/radar/radar_basic.js]
[demo.interface.club/limitless/demo/template/assets/demo/charts/echarts/radar/radar_filled.js]
[demo.interface.club/limitless/demo/template/assets/demo/charts/echarts/gauge/gauge_basic.js]
[demo.interface.club/limitless/demo/template/assets/demo/charts/echarts/gauge/gauge_custom.js]
[demo.interface.club/limitless/demo/template/assets/demo/charts/echarts/candlesticks/candlestick_basic.js]
[demo.interface.club/limitless/demo/template/assets/demo/charts/echarts/candlesticks/candlestick_line.js]
[demo.interface.club/limitless/demo/template/assets/demo/charts/echarts/candlesticks/candlestick_scatter.js]
[demo.interface.club/limitless/demo/template/html/layout_1/full/echarts_candlesticks_others.html]
[demo.interface.club/limitless/demo/template/assets/demo/charts/d3/lines/lines_basic.js]
[demo.interface.club/limitless/demo/template/assets/demo/charts/d3/lines/lines_basic_bivariate.js]
[demo.interface.club/limitless/demo/template/assets/demo/charts/d3/lines/lines_basic_area.js]
[demo.interface.club/limitless/demo/template/assets/demo/charts/d3/lines/lines_basic_multi_series.js]
[demo.interface.club/limitless/demo/template/assets/demo/charts/d3/lines/lines_basic_stacked.js]
[demo.interface.club/limitless/demo/template/assets/demo/charts/d3/lines/lines_basic_stacked_nest.js]
[demo.interface.club/limitless/demo/template/assets/demo/charts/d3/lines/lines_basic_gradient.js]
[demo.interface.club/limitless/demo/template/html/layout_1/full/d3_lines_basic.html]
[demo.interface.club/limitless/demo/template/assets/demo/charts/d3/lines/lines_advanced_difference.js]
[demo.interface.club/limitless/demo/template/assets/demo/charts/d3/lines/lines_advanced_missing.js]
[demo.interface.club/limitless/demo/template/assets/demo/charts/d3/lines/lines_advanced_small_multiples.js]
[demo.interface.club/limitless/demo/template/assets/demo/charts/d3/lines/lines_advanced_transitions.js]
[demo.interface.club/limitless/demo/template/assets/demo/charts/d3/lines/lines_advanced_zoom.js]
[demo.interface.club/limitless/demo/template/assets/demo/charts/d3/lines/lines_advanced_spline_transition.js]
[demo.interface.club/limitless/demo/template/html/layout_1/full/d3_lines_advanced.html]
[demo.interface.club/limitless/demo/template/assets/demo/charts/d3/bars/bars_basic_vertical.js]
[demo.interface.club/limitless/demo/template/assets/demo/charts/d3/bars/bars_basic_horizontal.js]
[demo.interface.club/limitless/demo/template/assets/demo/charts/d3/bars/bars_basic_tooltip.js]
[demo.interface.club/limitless/demo/template/assets/demo/charts/d3/bars/bars_basic_grouped.js]
[demo.interface.club/limitless/demo/template/assets/demo/charts/d3/bars/bars_basic_stacked.js]
[demo.interface.club/limitless/demo/template/assets/demo/charts/d3/bars/bars_basic_stacked_normalized.js]
[demo.interface.club/limitless/demo/template/html/layout_1/full/d3_bars_basic.html]
[demo.interface.club/limitless/demo/template/assets/demo/charts/d3/bars/bars_advanced_simple_interaction.js]
[demo.interface.club/limitless/demo/template/assets/demo/charts/d3/bars/bars_advanced_sortable_horizontal.js]
[demo.interface.club/limitless/demo/template/assets/demo/charts/d3/bars/bars_advanced_sortable_vertical.js]
[demo.interface.club/limitless/demo/template/assets/demo/charts/d3/bars/bars_advanced_stacked_multiple.js]
[demo.interface.club/limitless/demo/template/assets/demo/charts/d3/bars/bars_advanced_histogram.js]
[demo.interface.club/limitless/demo/template/assets/demo/charts/d3/bars/bars_advanced_hierarchical.js]
[demo.interface.club/limitless/demo/template/html/layout_1/full/d3_bars_advanced.html]
[demo.interface.club/limitless/demo/template/assets/demo/charts/d3/pies/pie_basic.js]
[demo.interface.club/limitless/demo/template/assets/demo/charts/d3/pies/pie_entry_animation.js]
[demo.interface.club/limitless/demo/template/assets/demo/charts/d3/pies/pie_multiple.js]
[demo.interface.club/limitless/demo/template/assets/demo/charts/d3/pies/pie_multiple_nesting.js]
[demo.interface.club/limitless/demo/template/assets/demo/charts/d3/pies/pie_update.js]
[demo.interface.club/limitless/demo/template/assets/demo/charts/d3/pies/pie_arc_tween.js]
[demo.interface.club/limitless/demo/template/assets/demo/charts/d3/pies/donut_basic.js]
[demo.interface.club/limitless/demo/template/assets/demo/charts/d3/pies/donut_entry_animation.js]
[demo.interface.club/limitless/demo/template/assets/demo/charts/d3/pies/donut_multiple.js]
[demo.interface.club/limitless/demo/template/assets/demo/charts/d3/pies/donut_multiple_nesting.js]
[demo.interface.club/limitless/demo/template/assets/demo/charts/d3/pies/donut_update.js]
[demo.interface.club/limitless/demo/template/assets/demo/charts/d3/pies/donut_arc_tween.js]
[demo.interface.club/limitless/demo/template/html/layout_1/full/d3_pies.html]
[demo.interface.club/limitless/demo/template/assets/js/vendor/visualization/d3/venn.js]
[demo.interface.club/limitless/demo/template/assets/demo/charts/d3/venn/venn_basic.js]
[demo.interface.club/limitless/demo/template/assets/demo/charts/d3/venn/venn_colors.js]
[demo.interface.club/limitless/demo/template/assets/demo/charts/d3/venn/venn_rings.js]
[demo.interface.club/limitless/demo/template/assets/demo/charts/d3/venn/venn_weighted.js]
[demo.interface.club/limitless/demo/template/assets/demo/charts/d3/venn/venn_interactive.js]
[demo.interface.club/limitless/demo/template/assets/demo/charts/d3/venn/venn_tooltip.js]
[demo.interface.club/limitless/demo/template/assets/demo/charts/d3/chords/chord_basic.js]
[demo.interface.club/limitless/demo/template/assets/demo/charts/d3/chords/chord_chart.js]
[demo.interface.club/limitless/demo/template/assets/demo/charts/d3/chords/chord_tweens.js]
[demo.interface.club/limitless/demo/template/assets/demo/charts/d3/chords/chord_arcs.js]
[demo.interface.club/limitless/demo/template/assets/demo/charts/d3/sunburst/sunburst_basic.js]
[demo.interface.club/limitless/demo/template/assets/demo/charts/d3/sunburst/sunburst_distortion.js]
[demo.interface.club/limitless/demo/template/assets/demo/charts/d3/sunburst/sunburst_zoom.js]
[demo.interface.club/limitless/demo/template/assets/demo/charts/d3/sunburst/sunburst_combined.js]
[demo.interface.club/limitless/demo/template/html/layout_1/full/d3_circle_diagrams.html]
[demo.interface.club/limitless/demo/template/assets/demo/charts/d3/tree/tree_basic.js]
[demo.interface.club/limitless/demo/template/assets/demo/charts/d3/tree/tree_collapsible.js]
[demo.interface.club/limitless/demo/template/assets/demo/charts/d3/tree/tree_bracket.js]
[demo.interface.club/limitless/demo/template/assets/demo/charts/d3/tree/tree_radial.js]
[demo.interface.club/limitless/demo/template/assets/demo/charts/d3/tree/tree_dendrogram.js]
[demo.interface.club/limitless/demo/template/assets/demo/charts/d3/tree/tree_dendrogram_radial.js]
[demo.interface.club/limitless/demo/template/html/layout_1/full/d3_tree.html]
[demo.interface.club/limitless/demo/template/assets/demo/charts/d3/other/treemap.js]
[demo.interface.club/limitless/demo/template/assets/demo/charts/d3/other/bubbles.js]
[demo.interface.club/limitless/demo/template/assets/demo/charts/d3/other/streamgraph.js]
[demo.interface.club/limitless/demo/template/assets/demo/charts/d3/other/waterfall.js]
[demo.interface.club/limitless/demo/template/html/layout_1/full/d3_other.html]
[demo.interface.club/limitless/demo/template/assets/js/vendor/visualization/d3/d3v5.min.js]
[demo.interface.club/limitless/demo/template/assets/js/vendor/visualization/c3/c3.min.js]
[demo.interface.club/limitless/demo/template/assets/demo/charts/c3/c3_lines_areas.js]
[demo.interface.club/limitless/demo/template/html/layout_1/full/c3_lines_areas.html]
[demo.interface.club/limitless/demo/template/assets/demo/charts/c3/c3_bars_pies.js]
[demo.interface.club/limitless/demo/template/html/layout_1/full/c3_bars_pies.html]
[demo.interface.club/limitless/demo/template/assets/demo/charts/c3/c3_advanced.js]
[demo.interface.club/limitless/demo/template/html/layout_1/full/c3_advanced.html]
[demo.interface.club/limitless/demo/template/assets/demo/charts/c3/c3_axis.js]
[demo.interface.club/limitless/demo/template/html/layout_1/full/c3_axis.html]
[demo.interface.club/limitless/demo/template/assets/demo/charts/c3/c3_grid.js]
[demo.interface.club/limitless/demo/template/html/layout_1/full/c3_grid.html]
[www.gstatic.com/charts/loader.js]
[demo.interface.club/limitless/demo/template/assets/demo/charts/google/lines/lines.js]
[demo.interface.club/limitless/demo/template/assets/demo/charts/google/lines/area.js]
[demo.interface.club/limitless/demo/template/assets/demo/charts/google/lines/area_stacked.js]
[demo.interface.club/limitless/demo/template/assets/demo/charts/google/lines/line_intervals.js]
[demo.interface.club/limitless/demo/template/assets/demo/charts/google/lines/area_intervals.js]
[demo.interface.club/limitless/demo/template/assets/demo/charts/google/lines/area_stepped.js]
[demo.interface.club/limitless/demo/template/html/layout_1/full/google_lines.html]
[demo.interface.club/limitless/demo/template/assets/demo/charts/google/bars/column.js]
[demo.interface.club/limitless/demo/template/assets/demo/charts/google/bars/column_stacked.js]
[demo.interface.club/limitless/demo/template/assets/demo/charts/google/bars/bar.js]
[demo.interface.club/limitless/demo/template/assets/demo/charts/google/bars/bar_stacked.js]
[demo.interface.club/limitless/demo/template/assets/demo/charts/google/bars/histogram.js]
[demo.interface.club/limitless/demo/template/assets/demo/charts/google/bars/combo.js]
[demo.interface.club/limitless/demo/template/html/layout_1/full/google_bars.html]
[demo.interface.club/limitless/demo/template/assets/demo/charts/google/pies/pie.js]
[demo.interface.club/limitless/demo/template/assets/demo/charts/google/pies/pie_exploded.js]
[demo.interface.club/limitless/demo/template/assets/demo/charts/google/pies/pie_rotate.js]
[demo.interface.club/limitless/demo/template/assets/demo/charts/google/pies/donut.js]
[demo.interface.club/limitless/demo/template/assets/demo/charts/google/pies/donut_rotate.js]
[demo.interface.club/limitless/demo/template/assets/demo/charts/google/pies/donut_exploded.js]
[demo.interface.club/limitless/demo/template/assets/demo/charts/google/pies/pie_3d.js]
[demo.interface.club/limitless/demo/template/assets/demo/charts/google/pies/3d_exploded.js]
[demo.interface.club/limitless/demo/template/assets/demo/charts/google/pies/pie_diff_radius.js]
[demo.interface.club/limitless/demo/template/assets/demo/charts/google/pies/pie_diff_border.js]
[demo.interface.club/limitless/demo/template/assets/demo/charts/google/pies/pie_diff_opacity.js]
[demo.interface.club/limitless/demo/template/assets/demo/charts/google/pies/pie_diff_invert.js]
[demo.interface.club/limitless/demo/template/html/layout_1/full/google_pies.html]
[demo.interface.club/limitless/demo/template/assets/demo/charts/google/bubbles/bubble.js]
[demo.interface.club/limitless/demo/template/assets/demo/charts/google/bubbles/bubble_gradient.js]
[demo.interface.club/limitless/demo/template/assets/demo/charts/google/scatter/scatter.js]
[demo.interface.club/limitless/demo/template/assets/demo/charts/google/scatter/scatter_diff.js]
[demo.interface.club/limitless/demo/template/html/layout_1/full/google_scatter_bubble.html]
[demo.interface.club/limitless/demo/template/assets/demo/charts/google/other/geo.js]
[demo.interface.club/limitless/demo/template/assets/demo/charts/google/other/trendline.js]
[demo.interface.club/limitless/demo/template/assets/demo/charts/google/other/diff.js]
[demo.interface.club/limitless/demo/template/assets/demo/charts/google/other/sankey.js]
[demo.interface.club/limitless/demo/template/assets/demo/charts/google/other/candlestick.js]
[demo.interface.club/limitless/demo/template/html/layout_1/full/google_other.html]
[demo.interface.club/limitless/demo/template/assets/js/vendor/maps/leaflet/leaflet.min.js]
[demo.interface.club/limitless/demo/template/assets/js/vendor/maps/leaflet/plugins/markercluster.min.js]
[demo.interface.club/limitless/demo/template/assets/demo/maps/leaflet/basic.js]
[demo.interface.club/limitless/demo/template/assets/demo/data/leaflet/cluster.js]
[demo.interface.club/limitless/demo/template/assets/demo/data/leaflet/geojson.js]
[demo.interface.club/limitless/demo/template/html/layout_1/full/maps_leaflet.html]
[demo.interface.club/limitless/demo/template/assets/js/vendor/maps/echarts/world.js]
[demo.interface.club/limitless/demo/template/assets/demo/maps/echarts/map_world.js]
[demo.interface.club/limitless/demo/template/assets/demo/maps/echarts/map_world_scatter.js]
[demo.interface.club/limitless/demo/template/assets/demo/maps/echarts/map_europe.js]
[demo.interface.club/limitless/demo/template/assets/demo/maps/echarts/map_europe_scale.js]
[demo.interface.club/limitless/demo/template/assets/demo/maps/echarts/map_europe_move.js]
[demo.interface.club/limitless/demo/template/assets/demo/maps/echarts/map_europe_scale_move.js]
[demo.interface.club/limitless/demo/template/assets/demo/maps/echarts/map_europe_zoom_level.js]
[demo.interface.club/limitless/demo/template/assets/demo/maps/echarts/map_europe_effect.js]
[demo.interface.club/limitless/demo/template/html/layout_1/full/maps_echarts.html]
[demo.interface.club/limitless/demo/template/html/layout_1/full/maps_vector.html]
[demo.interface.club/limitless/demo/template/assets/js/vendor/media/cropper.min.js]
[demo.interface.club/limitless/demo/template/assets/demo/pages/extension_image_cropper.js]
[demo.interface.club/limitless/demo/template/assets/images/demo/images/for_crop.png]
[demo.interface.club/limitless/demo/template/assets/images/demo/images/10.png]
[demo.interface.club/limitless/demo/template/html/layout_1/full/extension_image_cropper.html]
[demo.interface.club/limitless/demo/template/assets/js/vendor/extensions/mark.min.js]
[demo.interface.club/limitless/demo/template/assets/demo/pages/extension_mark.js]
[demo.interface.club/limitless/demo/template/html/layout_1/full/extension_mark.html]
[demo.interface.club/limitless/demo/template/assets/js/vendor/uploaders/bs_custom_file_input.min.js]
[demo.interface.club/limitless/demo/template/assets/demo/pages/extension_dnd.js]
[demo.interface.club/limitless/demo/template/html/layout_1/full/extension_dnd.html]
[demo.interface.club/limitless/demo/template/assets/js/vendor/uploaders/plupload/plupload.full.min.js]
[demo.interface.club/limitless/demo/template/assets/js/vendor/uploaders/plupload/plupload.queue.min.js]
[demo.interface.club/limitless/demo/template/assets/demo/pages/uploader_plupload.js]
[demo.interface.club/limitless/demo/template/html/layout_1/full/uploader_plupload.html]
[demo.interface.club/limitless/demo/template/assets/js/vendor/uploaders/fileinput/fileinput.min.js]
[demo.interface.club/limitless/demo/template/assets/js/vendor/uploaders/fileinput/plugins/sortable.min.js]
[demo.interface.club/limitless/demo/template/assets/demo/pages/uploader_bootstrap.js]
[demo.interface.club/limitless/demo/template/html/layout_1/full/uploader_bootstrap.html]
[demo.interface.club/limitless/demo/template/assets/js/vendor/uploaders/dropzone.min.js]
[demo.interface.club/limitless/demo/template/assets/demo/pages/uploader_dropzone.js]
[demo.interface.club/limitless/demo/template/html/layout_1/full/uploader_dropzone.html]
[demo.interface.club/limitless/demo/template/assets/js/vendor/ui/fullcalendar/main.min.js]
[demo.interface.club/limitless/demo/template/assets/demo/pages/fullcalendar_basic.js]
[demo.interface.club/limitless/demo/template/html/layout_1/full/fullcalendar_views.html]
[demo.interface.club/limitless/demo/template/assets/demo/pages/fullcalendar_styling.js]
[demo.interface.club/limitless/demo/template/html/layout_1/full/fullcalendar_styling.html]
[demo.interface.club/limitless/demo/template/assets/js/vendor/ui/fullcalendar/locales-all.min.js]
[demo.interface.club/limitless/demo/template/assets/demo/pages/fullcalendar_formats.js]
[demo.interface.club/limitless/demo/template/html/layout_1/full/fullcalendar_formats.html]
[demo.interface.club/limitless/demo/template/assets/demo/pages/fullcalendar_advanced.js]
[demo.interface.club/limitless/demo/template/html/layout_1/full/fullcalendar_advanced.html]
[demo.interface.club/limitless/demo/template/assets/js/vendor/internationalization/i18next.min.js]
[demo.interface.club/limitless/demo/template/assets/js/vendor/internationalization/i18nextHttpBackend.min.js]
[demo.interface.club/limitless/demo/template/assets/js/vendor/internationalization/i18nextBrowserLanguageDetector.min.js]
[demo.interface.club/limitless/demo/template/assets/demo/pages/internationalization_switch_direct.js]
[demo.interface.club/limitless/demo/template/html/layout_1/full/internationalization_switch_direct.html]
[demo.interface.club/limitless/demo/template/assets/demo/pages/internationalization_switch_query.js]
[demo.interface.club/limitless/demo/template/html/layout_1/full/internationalization_switch_query.html]
[demo.interface.club/limitless/demo/template/assets/demo/pages/internationalization_fallback.js]
[demo.interface.club/limitless/demo/template/html/layout_1/full/internationalization_fallback.html]
[demo.interface.club/limitless/demo/template/assets/demo/pages/internationalization_callbacks.js]
[demo.interface.club/limitless/demo/template/html/layout_1/full/internationalization_callbacks.html]
[demo.interface.club/limitless/demo/template/html/layout_1/full/table_basic.html]
[demo.interface.club/limitless/demo/template/html/layout_1/full/table_sizing.html]
[demo.interface.club/limitless/demo/template/html/layout_1/full/table_borders.html]
[demo.interface.club/limitless/demo/template/html/layout_1/full/table_styling.html]
[demo.interface.club/limitless/demo/template/assets/demo/pages/table_elements.js]
[demo.interface.club/limitless/demo/template/html/layout_1/full/table_elements.html]
[demo.interface.club/limitless/demo/template/assets/js/vendor/tables/gridjs/gridjs.min.js]
[demo.interface.club/limitless/demo/template/assets/demo/pages/gridjs_basic.js]
[demo.interface.club/limitless/demo/template/html/layout_1/full/gridjs_basic.html]
[demo.interface.club/limitless/demo/template/assets/demo/pages/gridjs_data_source.js]
[demo.interface.club/limitless/demo/template/html/layout_1/full/gridjs_data_source.html]
[demo.interface.club/limitless/demo/template/assets/demo/pages/gridjs_server_side.js]
[demo.interface.club/limitless/demo/template/html/layout_1/full/gridjs_server_side.html]
[demo.interface.club/limitless/demo/template/assets/demo/pages/gridjs_customizing.js]
[demo.interface.club/limitless/demo/template/html/layout_1/full/gridjs_customizing.html]
[demo.interface.club/limitless/demo/template/assets/demo/pages/gridjs_advanced.js]
[demo.interface.club/limitless/demo/template/html/layout_1/full/gridjs_advanced.html]
[demo.interface.club/limitless/demo/template/assets/js/vendor/tables/datatables/datatables.min.js]
[demo.interface.club/limitless/demo/template/assets/demo/pages/datatables_basic.js]
[demo.interface.club/limitless/demo/template/html/layout_1/full/datatable_basic.html]
[demo.interface.club/limitless/demo/template/html/layout_1/full/datatable_styling.html]
[demo.interface.club/limitless/demo/template/assets/demo/pages/datatables_advanced.js]
[demo.interface.club/limitless/demo/template/html/layout_1/full/datatable_advanced.html]
[demo.interface.club/limitless/demo/template/assets/demo/pages/datatables_sorting.js]
[demo.interface.club/limitless/demo/template/html/layout_1/full/datatable_sorting.html]
[demo.interface.club/limitless/demo/template/assets/demo/pages/datatables_api.js]
[demo.interface.club/limitless/demo/template/html/layout_1/full/datatable_api.html]
[demo.interface.club/limitless/demo/template/assets/demo/pages/datatables_data_sources.js]
[demo.interface.club/limitless/demo/template/html/layout_1/full/datatable_data_sources.html]
[demo.interface.club/limitless/demo/template/assets/js/vendor/tables/datatables/extensions/col_reorder.min.js]
[demo.interface.club/limitless/demo/template/assets/demo/pages/datatables_extension_reorder.js]
[demo.interface.club/limitless/demo/template/html/layout_1/full/datatable_extension_reorder.html]
[demo.interface.club/limitless/demo/template/assets/js/vendor/tables/datatables/extensions/row_reorder.min.js]
[demo.interface.club/limitless/demo/template/assets/js/vendor/tables/datatables/extensions/responsive.min.js]
[demo.interface.club/limitless/demo/template/assets/demo/pages/datatables_extension_row_reorder.js]
[demo.interface.club/limitless/demo/template/html/layout_1/full/datatable_extension_row_reorder.html]
[demo.interface.club/limitless/demo/template/assets/js/vendor/tables/datatables/extensions/fixed_columns.min.js]
[demo.interface.club/limitless/demo/template/assets/demo/pages/datatables_extension_fixed_columns.js]
[demo.interface.club/limitless/demo/template/html/layout_1/full/datatable_extension_fixed_columns.html]
[demo.interface.club/limitless/demo/template/assets/js/vendor/tables/datatables/extensions/autofill.min.js]
[demo.interface.club/limitless/demo/template/assets/js/vendor/tables/datatables/extensions/select.min.js]
[demo.interface.club/limitless/demo/template/assets/demo/pages/datatables_extension_autofill.js]
[demo.interface.club/limitless/demo/template/html/layout_1/full/datatable_extension_autofill.html]
[demo.interface.club/limitless/demo/template/assets/js/vendor/tables/datatables/extensions/key_table.min.js]
[demo.interface.club/limitless/demo/template/assets/demo/pages/datatables_extension_key_table.js]
[demo.interface.club/limitless/demo/template/html/layout_1/full/datatable_extension_key_table.html]
[demo.interface.club/limitless/demo/template/assets/js/vendor/tables/datatables/extensions/scroller.min.js]
[demo.interface.club/limitless/demo/template/assets/js/vendor/tables/datatables/extensions/buttons.min.js]
[demo.interface.club/limitless/demo/template/assets/demo/pages/datatables_extension_scroller.js]
[demo.interface.club/limitless/demo/template/html/layout_1/full/datatable_extension_scroller.html]
[demo.interface.club/limitless/demo/template/assets/demo/pages/datatables_extension_select.js]
[demo.interface.club/limitless/demo/template/html/layout_1/full/datatable_extension_select.html]
[demo.interface.club/limitless/demo/template/assets/demo/pages/datatables_extension_responsive.js]
[demo.interface.club/limitless/demo/template/html/layout_1/full/datatable_extension_responsive.html]
[demo.interface.club/limitless/demo/template/assets/demo/pages/datatables_extension_buttons_init.js]
[demo.interface.club/limitless/demo/template/html/layout_1/full/datatable_extension_buttons_init.html]
[demo.interface.club/limitless/demo/template/assets/js/vendor/tables/datatables/extensions/pdfmake/pdfmake.min.js]
[demo.interface.club/limitless/demo/template/assets/js/vendor/tables/datatables/extensions/pdfmake/vfs_fonts.min.js]
[demo.interface.club/limitless/demo/template/assets/demo/pages/datatables_extension_buttons_pdf.js]
[demo.interface.club/limitless/demo/template/html/layout_1/full/datatable_extension_buttons_pdf.html]
[demo.interface.club/limitless/demo/template/assets/demo/pages/datatables_extension_buttons_excel.js]
[demo.interface.club/limitless/demo/template/html/layout_1/full/datatable_extension_buttons_excel.html]
[demo.interface.club/limitless/demo/template/assets/demo/pages/datatables_extension_buttons_print.js]
[demo.interface.club/limitless/demo/template/html/layout_1/full/datatable_extension_buttons_print.html]
[demo.interface.club/limitless/demo/template/assets/demo/pages/datatables_extension_buttons_html5.js]
[demo.interface.club/limitless/demo/template/html/layout_1/full/datatable_extension_buttons_html5.html]
[demo.interface.club/limitless/demo/template/assets/demo/pages/datatables_extension_colvis.js]
[demo.interface.club/limitless/demo/template/html/layout_1/full/datatable_extension_colvis.html]
[demo.interface.club/limitless/demo/template/html/layout_1/full/general_feed.html]
[demo.interface.club/limitless/demo/template/html/layout_1/full/general_embeds.html]
[demo.interface.club/limitless/demo/template/html/layout_1/full/general_faq.html]
[demo.interface.club/limitless/demo/template/html/layout_1/full/general_knowledgebase.html]
[demo.interface.club/limitless/demo/template/assets/images/demo/images/blog1.jpg]
[demo.interface.club/limitless/demo/template/assets/images/demo/images/blog2.jpg]
[demo.interface.club/limitless/demo/template/assets/images/demo/images/blog3.jpg]
[demo.interface.club/limitless/demo/template/assets/images/demo/images/blog4.jpg]
[demo.interface.club/limitless/demo/template/assets/images/demo/images/blog5.jpg]
[demo.interface.club/limitless/demo/template/html/layout_1/full/blog_classic_v.html]
[demo.interface.club/limitless/demo/template/html/layout_1/full/blog_classic_h.html]
[demo.interface.club/limitless/demo/template/assets/images/demo/blog/1.jpg]
[demo.interface.club/limitless/demo/template/assets/images/demo/blog/4.jpg]
[demo.interface.club/limitless/demo/template/assets/images/demo/blog/5.jpg]
[demo.interface.club/limitless/demo/template/assets/images/demo/blog/6.jpg]
[demo.interface.club/limitless/demo/template/assets/images/demo/blog/7.jpg]
[demo.interface.club/limitless/demo/template/assets/images/demo/blog/8.jpg]
[demo.interface.club/limitless/demo/template/assets/images/demo/blog/9.jpg]
[demo.interface.club/limitless/demo/template/assets/images/demo/blog/10.jpg]
[demo.interface.club/limitless/demo/template/assets/images/demo/blog/11.jpg]
[demo.interface.club/limitless/demo/template/html/layout_1/full/blog_grid.html]
[demo.interface.club/limitless/demo/template/assets/demo/pages/blog_single.js]
[demo.interface.club/limitless/demo/template/assets/images/demo/cover3.jpg]
[demo.interface.club/limitless/demo/template/html/layout_1/full/blog_single.html]
[demo.interface.club/limitless/demo/template/html/layout_1/full/blog_sidebar_left.html]
[demo.interface.club/limitless/demo/template/html/layout_1/full/blog_sidebar_right.html]
[demo.interface.club/limitless/demo/template/assets/demo/pages/timelines.js]
[demo.interface.club/limitless/demo/template/assets/demo/charts/pages/timelines/daily_statistics.js]
[demo.interface.club/limitless/demo/template/assets/images/demo/cover2.jpg]
[demo.interface.club/limitless/demo/template/html/layout_1/full/timelines_left.html]
[demo.interface.club/limitless/demo/template/html/layout_1/full/timelines_right.html]
[demo.interface.club/limitless/demo/template/html/layout_1/full/timelines_center.html]
[demo.interface.club/limitless/demo/template/assets/demo/pages/gallery.js]
[demo.interface.club/limitless/demo/template/assets/images/demo/flat/13.png]
[demo.interface.club/limitless/demo/template/assets/images/demo/flat/14.png]
[demo.interface.club/limitless/demo/template/assets/images/demo/flat/15.png]
[demo.interface.club/limitless/demo/template/assets/images/demo/flat/16.png]
[demo.interface.club/limitless/demo/template/assets/images/demo/flat/17.png]
[demo.interface.club/limitless/demo/template/assets/images/demo/flat/19.png]
[demo.interface.club/limitless/demo/template/assets/images/demo/flat/20.png]
[demo.interface.club/limitless/demo/template/html/layout_1/full/gallery_grid.html]
[demo.interface.club/limitless/demo/template/html/layout_1/full/gallery_titles.html]
[demo.interface.club/limitless/demo/template/html/layout_1/full/gallery_description.html]
[demo.interface.club/limitless/demo/template/assets/demo/pages/gallery_library.js]
[demo.interface.club/limitless/demo/template/assets/images/demo/flat/22.png]
[demo.interface.club/limitless/demo/template/assets/images/demo/flat/23.png]
[demo.interface.club/limitless/demo/template/assets/images/demo/flat/24.png]
[demo.interface.club/limitless/demo/template/assets/images/demo/flat/25.png]
[demo.interface.club/limitless/demo/template/html/layout_1/full/gallery_library.html]
[demo.interface.club/limitless/demo/template/html/layout_1/full/service_sitemap.html]
[demo.interface.club/limitless/demo/template/assets/images/signature.png]
[demo.interface.club/limitless/demo/template/html/layout_1/full/invoice_template.html]
[demo.interface.club/limitless/demo/template/html/layout_1/full/invoice_grid.html]
[demo.interface.club/limitless/demo/template/assets/demo/pages/invoice_archive.js]
[demo.interface.club/limitless/demo/template/html/layout_1/full/invoice_archive.html]
[demo.interface.club/limitless/demo/template/html/layout_1/full/login_simple.html]
[demo.interface.club/limitless/demo/template/html/layout_1/full/login_advanced.html]
[demo.interface.club/limitless/demo/template/html/layout_1/full/login_registration.html]
[demo.interface.club/limitless/demo/template/html/layout_1/full/login_registration_advanced.html]
[demo.interface.club/limitless/demo/template/html/layout_1/full/login_unlock.html]
[demo.interface.club/limitless/demo/template/html/layout_1/full/login_password_recover.html]
[demo.interface.club/limitless/demo/template/html/layout_1/full/login_hide_navbar.html]
[demo.interface.club/limitless/demo/template/html/layout_1/full/login_transparent.html]
[demo.interface.club/limitless/demo/template/html/layout_1/full/login_background.html]
[demo.interface.club/limitless/demo/template/html/layout_1/full/login_validation.html]
[demo.interface.club/limitless/demo/template/html/layout_1/full/login_tabbed.html]
[demo.interface.club/limitless/demo/template/html/layout_1/full/login_modals.html]
[demo.interface.club/limitless/demo/template/html/layout_1/full/error_403.html]
[demo.interface.club/limitless/demo/template/html/layout_1/full/error_404.html]
[demo.interface.club/limitless/demo/template/html/layout_1/full/error_405.html]
[demo.interface.club/limitless/demo/template/html/layout_1/full/error_500.html]
[demo.interface.club/limitless/demo/template/html/layout_1/full/error_503.html]
[demo.interface.club/limitless/demo/template/html/layout_1/full/error_offline.html]
[demo.interface.club/limitless/demo/template/html/layout_1/full/user_pages_list.html]
[demo.interface.club/limitless/demo/template/html/layout_1/full/user_pages_cards.html]
[demo.interface.club/limitless/demo/template/assets/demo/pages/user_pages_profile.js]
[demo.interface.club/limitless/demo/template/assets/demo/charts/pages/profile/balance_stats.js]
[demo.interface.club/limitless/demo/template/assets/demo/charts/pages/profile/available_hours.js]
[demo.interface.club/limitless/demo/template/assets/images/demo/cover.jpg]
[demo.interface.club/limitless/demo/template/html/layout_1/full/user_pages_profile.html]
[demo.interface.club/limitless/demo/template/assets/demo/pages/user_pages_profile_tabbed.js]
[demo.interface.club/limitless/demo/template/assets/images/demo/products/1.jpg]
[demo.interface.club/limitless/demo/template/assets/images/demo/products/2.jpg]
[demo.interface.club/limitless/demo/template/assets/images/demo/products/3.jpg]
[demo.interface.club/limitless/demo/template/assets/images/demo/products/4.jpg]
[demo.interface.club/limitless/demo/template/assets/images/demo/products/5.jpg]
[demo.interface.club/limitless/demo/template/assets/images/demo/products/6.jpg]
[demo.interface.club/limitless/demo/template/assets/images/demo/products/7.jpg]
[demo.interface.club/limitless/demo/template/assets/images/demo/products/8.jpg]
[demo.interface.club/limitless/demo/template/assets/images/demo/products/9.jpg]
[demo.interface.club/limitless/demo/template/assets/images/demo/products/10.jpg]
[demo.interface.club/limitless/demo/template/assets/images/demo/products/11.jpg]
[demo.interface.club/limitless/demo/template/assets/images/demo/products/12.jpg]
[demo.interface.club/limitless/demo/template/assets/images/demo/products/13.jpg]
[demo.interface.club/limitless/demo/template/assets/images/demo/products/14.jpg]
[demo.interface.club/limitless/demo/template/html/layout_1/full/user_pages_profile_tabbed.html]
[demo.interface.club/limitless/demo/template/html/layout_1/full/user_pages_profile_cover.html]
[demo.interface.club/limitless/demo/template/assets/images/demo/users/face23.jpg]
[demo.interface.club/limitless/demo/template/html/layout_1/full/task_manager_grid.html]
[demo.interface.club/limitless/demo/template/assets/js/vendor/tables/datatables/extensions/natural_sort.js]
[demo.interface.club/limitless/demo/template/assets/demo/pages/task_manager_list.js]
[demo.interface.club/limitless/demo/template/html/layout_1/full/task_manager_list.html]
[demo.interface.club/limitless/demo/template/assets/demo/pages/task_manager_detailed.js]
[demo.interface.club/limitless/demo/template/html/layout_1/full/task_manager_detailed.html]
[demo.interface.club/limitless/demo/template/assets/demo/pages/mail_list.js]
[demo.interface.club/limitless/demo/template/html/layout_1/full/mail_list.html]
[demo.interface.club/limitless/demo/template/html/layout_1/full/mail_list_detached.html]
[demo.interface.club/limitless/demo/template/assets/demo/pages/mail_list_read.js]
[demo.interface.club/limitless/demo/template/assets/images/logo_light.png]
[demo.interface.club/limitless/demo/template/html/layout_1/full/mail_read.html]
[demo.interface.club/limitless/demo/template/assets/demo/pages/mail_list_write.js]
[demo.interface.club/limitless/demo/template/html/layout_1/full/mail_write.html]
[demo.interface.club/limitless/demo/template/html/layout_1/full/chat_layouts.html]
[demo.interface.club/limitless/demo/template/html/layout_1/full/chat_options.html]
[demo.interface.club/limitless/demo/template/html/layout_1/full/search_basic.html]
[demo.interface.club/limitless/demo/template/html/layout_1/full/search_users.html]
[demo.interface.club/limitless/demo/template/html/layout_1/full/search_images.html]
[demo.interface.club/limitless/demo/template/html/layout_1/full/search_videos.html]
[demo.interface.club/limitless/demo/template/assets/images/demo/brands/dell.png]
[demo.interface.club/limitless/demo/template/assets/images/demo/brands/northface.png]
[demo.interface.club/limitless/demo/template/assets/images/demo/brands/ibm.png]
[demo.interface.club/limitless/demo/template/assets/images/demo/brands/cnn.png]
[demo.interface.club/limitless/demo/template/assets/images/demo/brands/transferwise.png]
[demo.interface.club/limitless/demo/template/assets/images/demo/brands/uber.png]
[demo.interface.club/limitless/demo/template/assets/images/demo/brands/ing.png]
[demo.interface.club/limitless/demo/template/assets/images/demo/brands/amazon.png]
[demo.interface.club/limitless/demo/template/assets/images/demo/brands/facebook.png]
[demo.interface.club/limitless/demo/template/assets/images/demo/brands/microsoft.png]
[demo.interface.club/limitless/demo/template/html/layout_1/full/job_list_cards.html]
[demo.interface.club/limitless/demo/template/html/layout_1/full/job_list_list.html]
[demo.interface.club/limitless/demo/template/html/layout_1/full/job_detailed.html]
[demo.interface.club/limitless/demo/template/html/layout_1/full/job_apply.html]
[demo.interface.club/limitless/demo/template/html/layout_1/full/learning_list.html]
[demo.interface.club/limitless/demo/template/html/layout_1/full/learning_grid.html]
[demo.interface.club/limitless/demo/template/assets/demo/pages/learning_detailed.js]
[demo.interface.club/limitless/demo/template/html/layout_1/full/learning_detailed.html]
[demo.interface.club/limitless/demo/template/assets/demo/pages/ecommerce_product_list.js]
[demo.interface.club/limitless/demo/template/html/layout_1/full/ecommerce_product_list.html]
[demo.interface.club/limitless/demo/template/html/layout_1/full/ecommerce_product_grid.html]
[demo.interface.club/limitless/demo/template/assets/demo/pages/ecommerce_orders_history.js]
[demo.interface.club/limitless/demo/template/html/layout_1/full/ecommerce_orders_history.html]
[demo.interface.club/limitless/demo/template/assets/demo/pages/ecommerce_customers.js]
[demo.interface.club/limitless/demo/template/assets/demo/charts/pages/ecommerce/customers.js]
[demo.interface.club/limitless/demo/template/html/layout_1/full/ecommerce_customers.html]
[demo.interface.club/limitless/demo/template/html/layout_1/full/ecommerce_pricing.html]
[demo.interface.club/limitless/demo/template/assets/demo/pages/widgets_content.js]
[demo.interface.club/limitless/demo/template/html/layout_1/full/widgets_content.html]
[demo.interface.club/limitless/demo/template/assets/demo/pages/widgets_stats.js]
[demo.interface.club/limitless/demo/template/html/layout_1/full/widgets_stats.html]
[demo.interface.club/limitless/demo/template/html/layout_1/full/widgets_menu.html]
[demo.interface.club/limitless/demo/template/html/layout_1/full/widgets_form.html]
[demo.interface.club/limitless/demo/template/assets/fonts/inter/Inter-Thin32a8.html]
[demo.interface.club/limitless/demo/template/assets/fonts/inter/Inter-ExtraLight32a8.html]
[demo.interface.club/limitless/demo/template/assets/fonts/inter/Inter-Light32a8.html]
[demo.interface.club/limitless/demo/template/assets/fonts/inter/Inter-Regular32a8.html]
[demo.interface.club/limitless/demo/template/assets/fonts/inter/Inter-Medium32a8.html]
[demo.interface.club/limitless/demo/template/assets/fonts/inter/Inter-SemiBold32a8.html]
[demo.interface.club/limitless/demo/template/assets/fonts/inter/Inter-Bold32a8.html]
[demo.interface.club/limitless/demo/template/assets/fonts/inter/Inter-ExtraBold32a8.html]
[demo.interface.club/limitless/demo/template/assets/fonts/inter/Inter-Black32a8.html]
[demo.interface.club/limitless/demo/template/assets/fonts/inter/Inter-roman.var32a8.html]
[demo.interface.club/limitless/demo/template/assets/icons/phosphor/fonts/Phosphorccca.svg]
[demo.interface.club/limitless/demo/template/assets/css/animate.min.css]
[demo.interface.club/limitless/demo/template/assets/icons/icomoon/fonts/icomoone627.eot]
[demo.interface.club/limitless/demo/template/assets/icons/icomoon/fonts/icomoond41d.eot]
[demo.interface.club/limitless/demo/template/assets/icons/icomoon/fonts/icomoone627.woff]
[demo.interface.club/limitless/demo/template/assets/icons/icomoon/fonts/icomoone627.ttf]
[demo.interface.club/limitless/demo/template/assets/icons/icomoon/styles.min.css]
[demo.interface.club/limitless/demo/template/assets/icons/material/fonts/material-icons119d.ttf]
[demo.interface.club/limitless/demo/template/assets/icons/material/fonts/material-icons119d.woff]
[demo.interface.club/limitless/demo/template/assets/icons/material/styles.min.css]
[demo.interface.club/limitless/demo/template/assets/icons/fontawesome/fonts/fa-solid-900.eot]
[demo.interface.club/limitless/demo/template/assets/icons/fontawesome/fonts/fa-solid-900d41d.eot]
[demo.interface.club/limitless/demo/template/assets/icons/fontawesome/fonts/fa-solid-900.woff]
[demo.interface.club/limitless/demo/template/assets/icons/fontawesome/fonts/fa-solid-900.ttf]
[demo.interface.club/limitless/demo/template/assets/icons/fontawesome/fonts/fa-regular-400.eot]
[demo.interface.club/limitless/demo/template/assets/icons/fontawesome/fonts/fa-regular-400d41d.eot]
[demo.interface.club/limitless/demo/template/assets/icons/fontawesome/fonts/fa-regular-400.woff]
[demo.interface.club/limitless/demo/template/assets/icons/fontawesome/fonts/fa-regular-400.ttf]
[demo.interface.club/limitless/demo/template/assets/icons/fontawesome/fonts/fa-brands-400.eot]
[demo.interface.club/limitless/demo/template/assets/icons/fontawesome/fonts/fa-brands-400d41d.eot]
[demo.interface.club/limitless/demo/template/assets/icons/fontawesome/fonts/fa-brands-400.woff]
[demo.interface.club/limitless/demo/template/assets/icons/fontawesome/fonts/fa-brands-400.ttf]
[demo.interface.club/limitless/demo/template/assets/icons/fontawesome/styles.min.css]
[demo.interface.club/limitless/demo/template/html/layout_1/full/maps_google_basic.html]
[demo.interface.club/limitless/demo/template/html/layout_1/full/maps_google_controls.html]
[demo.interface.club/limitless/demo/template/html/layout_1/full/maps_google_markers.html]
[demo.interface.club/limitless/demo/template/html/layout_1/full/maps_google_drawings.html]
[demo.interface.club/limitless/demo/template/html/layout_1/full/maps_google_layers.html]
[demo.interface.club/limitless/demo/template/html/layout_1/full/form_validation.html]
[demo.interface.club/limitless/demo/template/html/layout_1/full/sidebar_default_collapse.html]
[demo.interface.club/limitless/demo/template/html/layout_1/full/sidebar_secondary_after.html]
[demo.interface.club/limitless/demo/template/html/layout_1/full/sidebar_right_default_collapse.html]
[demo.interface.club/limitless/demo/template/html/layout_1/full/navigation_horizontal_click.html]
[demo.interface.club/limitless/demo/template/html/layout_1/full/navigation_horizontal_hover.html]
[demo.interface.club/limitless/demo/template/html/layout_1/full/navbar_single_top_static.html]
[demo.interface.club/limitless/demo/template/html/layout_1/full/navbar_multiple_top_static.html]
[demo.interface.club/limitless/demo/template/html/layout_1/full/navbar_hideable.html]
[demo.interface.club/limitless/demo/template/html/layout_1/full/jqueryui_interactions.html]
[demo.interface.club/limitless/demo/template/html/layout_1/full/layout_liquid_content.html]
[demo.interface.club/limitless/demo/template/html/layout_1/full/navbar_multiple_top_fixed.html]
[demo.interface.club/limitless/demo/template/html/layout_1/full/sidebar_default_color_dark.html]
[demo.interface.club/limitless/demo/template/html/layout_1/full/internationalization_switch_query6dc5.html]
[demo.interface.club/limitless/demo/template/html/layout_1/full/internationalization_switch_queryeb39.html]
[demo.interface.club/limitless/demo/template/html/layout_1/full/internationalization_fallback6dc5.html]
[demo.interface.club/limitless/demo/template/html/layout_1/full/internationalization_fallbackb64c.html]
[demo.interface.club/limitless/demo/template/html/layout_1/full/internationalization_fallbackcef0.html]
[demo.interface.club/limitless/demo/template/html/layout_1/full/starters/horizontal_nav.html]
[demo.interface.club/limitless/demo/template/html/layout_1/full/starters/1_col.html]
[demo.interface.club/limitless/demo/template/html/layout_1/full/starters/2_col.html]
[demo.interface.club/limitless/demo/template/html/layout_1/full/starters/3_col_dual.html]
[demo.interface.club/limitless/demo/template/html/layout_1/full/starters/3_col_double.html]
[demo.interface.club/limitless/demo/template/html/layout_1/full/starters/4_col.html]
[demo.interface.club/limitless/demo/template/html/layout_1/full/starters/detached_left.html]
[demo.interface.club/limitless/demo/template/html/layout_1/full/starters/detached_right.html]
[demo.interface.club/limitless/demo/template/html/layout_1/full/starters/detached_sticky.html]
[demo.interface.club/limitless/demo/template/html/layout_1/full/starters/layout_boxed.html]
[demo.interface.club/limitless/demo/template/html/layout_1/full/starters/layout_navbar_fixed_main.html]
[demo.interface.club/limitless/demo/template/html/layout_1/full/starters/layout_navbar_fixed_secondary.html]
[demo.interface.club/limitless/demo/template/html/layout_1/full/starters/layout_navbar_fixed_both.html]
[demo.interface.club/limitless/demo/template/html/layout_1/full/starters/layout_fixed.html]
[demo.interface.club/limitless/demo/template/html/layout_1/full/editor_summernote.html]
[demo.interface.club/limitless/demo/template/html/layout_1/full/editor_ckeditor.html]
[demo.interface.club/limitless/demo/template/html/layout_1/full/appearance_content_cards.html]
[demo.interface.club/limitless/demo/template/html/layout_1/full/appearance_card_heading.html]
[demo.interface.club/limitless/demo/template/html/layout_1/full/appearance_card_footer.html]
[demo.interface.club/limitless/demo/template/html/layout_1/full/appearance_draggable_cards.html]
[demo.interface.club/limitless/demo/template/html/layout_1/full/appearance_text_styling.html]
[demo.interface.club/limitless/demo/template/html/layout_1/full/appearance_typography.html]
[demo.interface.club/limitless/demo/template/html/layout_1/full/appearance_helpers.html]
[demo.interface.club/limitless/demo/template/html/layout_1/full/appearance_syntax_highlighter.html]
[demo.interface.club/limitless/demo/template/html/layout_1/full/appearance_content_grid.html]
[demo.interface.club/limitless/demo/template/html/layout_1/full/sidebar_default_hide.html]
[demo.interface.club/limitless/demo/template/html/layout_1/full/sidebar_mini_collapse.html]
[demo.interface.club/limitless/demo/template/html/layout_1/full/sidebar_mini_hide.html]
[demo.interface.club/limitless/demo/template/html/layout_1/full/sidebar_dual.html]
[demo.interface.club/limitless/demo/template/html/layout_1/full/sidebar_dual_double_collapse.html]
[demo.interface.club/limitless/demo/template/html/layout_1/full/sidebar_dual_double_hide.html]
[demo.interface.club/limitless/demo/template/html/layout_1/full/sidebar_dual_swap.html]
[demo.interface.club/limitless/demo/template/html/layout_1/full/sidebar_double_collapse.html]
[demo.interface.club/limitless/demo/template/html/layout_1/full/sidebar_double_hide.html]
[demo.interface.club/limitless/demo/template/html/layout_1/full/sidebar_double_fix_default.html]
[demo.interface.club/limitless/demo/template/html/layout_1/full/sidebar_double_fix_mini.html]
[demo.interface.club/limitless/demo/template/html/layout_1/full/sidebar_double_visible.html]
[demo.interface.club/limitless/demo/template/html/layout_1/full/sidebar_detached_left.html]
[demo.interface.club/limitless/demo/template/html/layout_1/full/sidebar_detached_right.html]
[demo.interface.club/limitless/demo/template/html/layout_1/full/sidebar_detached_sticky_custom.html]
[demo.interface.club/limitless/demo/template/html/layout_1/full/sidebar_detached_sticky_native.html]
[demo.interface.club/limitless/demo/template/html/layout_1/full/sidebar_detached_separate.html]
[demo.interface.club/limitless/demo/template/html/layout_1/full/sidebar_hidden.html]
[demo.interface.club/limitless/demo/template/html/layout_1/full/sidebar_light.html]
[demo.interface.club/limitless/demo/template/html/layout_1/full/echarts_lines_areas.html]
[demo.interface.club/limitless/demo/template/html/layout_1/full/echarts_funnels_chords.html]
[demo.interface.club/limitless/demo/template/html/layout_1/full/echarts_combinations.html]
[demo.interface.club/limitless/demo/template/html/layout_1/full/user_list.html]
[demo.interface.club/limitless/demo/template/html/layout_1/full/user_profile.html]
[demo.interface.club/limitless/demo/template/html/layout_1/full/user_profile_tabbed.html]
[demo.interface.club/limitless/demo/template/html/layout_1/full/user_profile_cover.html]
[demo.interface.club/limitless/demo/template/html/layout_1/full/layout_navbar_fixed.html]
[demo.interface.club/limitless/demo/template/html/layout_1/full/layout_navbar_sidebar_fixed.html]
[demo.interface.club/limitless/demo/template/html/layout_1/full/layout_sidebar_fixed_native.html]
[demo.interface.club/limitless/demo/template/html/layout_1/full/layout_navbar_hideable.html]
[demo.interface.club/limitless/demo/template/html/layout_1/full/layout_footer_fixed.html]
[demo.interface.club/limitless/demo/template/html/layout_1/full/boxed_default.html]
[demo.interface.club/limitless/demo/template/html/layout_1/full/boxed_mini.html]
[demo.interface.club/limitless/demo/template/html/layout_1/full/boxed_full.html]
[demo.interface.club/limitless/demo/template/html/layout_1/full/form_inputs_basic.html]
[demo.interface.club/limitless/demo/template/html/layout_1/full/form_tag_inputs.html]
[demo.interface.club/limitless/demo/template/html/layout_1/full/form_editable.html]
[demo.interface.club/limitless/demo/template/html/layout_1/full/form_inputs_grid.html]
[demo.interface.club/limitless/demo/template/html/layout_1/full/picker_location.html]
[demo.interface.club/limitless/demo/template/html/layout_1/full/extra_context_menu.html]
[demo.interface.club/limitless/demo/template/html/layout_1/full/navigation_vertical_sizing.html]
[demo.interface.club/limitless/demo/template/html/layout_1/full/navigation_vertical_labels_badges.html]
[demo.interface.club/limitless/demo/template/html/layout_1/full/extension_fullcalendar_views.html]
[demo.interface.club/limitless/demo/template/html/layout_1/full/extension_fullcalendar_styling.html]
[demo.interface.club/limitless/demo/template/html/layout_1/full/extension_fullcalendar_formats.html]
[demo.interface.club/limitless/demo/template/html/layout_1/full/extension_fullcalendar_advanced.html]
[demo.interface.club/limitless/demo/template/html/layout_1/full/datatable_extension_buttons_flash.html]
[demo.interface.club/limitless/demo/template/html/layout_1/full/general_news.html]
[demo.interface.club/limitless/demo/template/html/layout_1/full/general_widgets_content.html]
[demo.interface.club/limitless/demo/template/html/layout_1/full/general_widgets_stats.html]
[demo.interface.club/limitless/demo/template/html/layout_1/full/alpaca_basic.html]
[demo.interface.club/limitless/demo/template/html/layout_1/full/alpaca_advanced.html]
[demo.interface.club/limitless/demo/template/html/layout_1/full/alpaca_controls.html]
[demo.interface.club/limitless/demo/template/html/layout_1/full/extension_blockui.html]
[demo.interface.club/limitless/demo/template/html/layout_1/full/internationalization_on_init.html]
[demo.interface.club/limitless/demo/template/html/layout_1/full/internationalization_after_init.html]
[demo.interface.club/limitless/demo/template/html/layout_1/full/blog_timeline.html]
[demo.interface.club/limitless/demo/template/html/layout_1/full/blog_no_sidebar.html]
[demo.interface.club/limitless/demo/template/html/layout_1/full/colors_violet.html]
[demo.interface.club/limitless/demo/template/html/layout_1/full/colors_blue.html]
[demo.interface.club/limitless/demo/template/html/layout_1/full/colors_green.html]
[demo.interface.club/limitless/demo/template/html/layout_1/full/colors_orange.html]
[demo.interface.club/limitless/demo/template/html/layout_1/full/colors_brown.html]
[demo.interface.club/limitless/demo/template/html/layout_1/full/colors_grey.html]
[demo.interface.club/limitless/demo/template/html/layout_1/full/colors_slate.html]
[demo.interface.club/limitless/demo/template/html/layout_1/full/wizard_steps.html]
[demo.interface.club/limitless/demo/template/html/layout_1/full/wizard_form.html]
[demo.interface.club/limitless/demo/template/html/layout_1/full/wizard_stepy.html]
[demo.interface.club/limitless/demo/template/html/layout_1/full/components_navs.html]
[demo.interface.club/limitless/demo/template/html/layout_1/full/components_notifications_pnotify.html]
[demo.interface.club/limitless/demo/template/html/layout_1/full/components_notifications_others.html]
[demo.interface.club/limitless/demo/template/html/layout_1/full/components_popups.html]
[demo.interface.club/limitless/demo/template/html/layout_1/full/components_labels.html]
[demo.interface.club/limitless/demo/template/html/layout_1/full/components_loaders.html]
[demo.interface.club/limitless/demo/template/html/layout_1/full/components_thumbnails.html]
[demo.interface.club/limitless/demo/template/html/layout_1/full/components_page_header.html]
[demo.interface.club/limitless/demo/template/html/layout_1/full/components_affix.html]
[demo.interface.club/limitless/demo/template/html/layout_1/full/icons_glyphicons.html]
[demo.interface.club/limitless/demo/template/html/layout_1/full/navbar_single.html]
[demo.interface.club/limitless/demo/template/html/layout_1/full/navbar_multiple_navbar_navbar.html]
[demo.interface.club/limitless/demo/template/html/layout_1/full/navbar_multiple_navbar_header.html]
[demo.interface.club/limitless/demo/template/html/layout_1/full/navbar_multiple_header_navbar.html]
[demo.interface.club/limitless/demo/template/html/layout_1/full/navbar_multiple_top_bottom.html]
[demo.interface.club/limitless/demo/template/html/layout_1/full/jqueryui_forms.html]
[demo.interface.club/limitless/demo/template/html/layout_1/full/jqueryui_components.html]
[demo.interface.club/limitless/demo/template/html/layout_1/full/jqueryui_sliders.html]
[demo.interface.club/limitless/demo/template/html/layout_1/full/jqueryui_navigation.html]
[demo.interface.club/limitless/demo/template/html/layout_1/full/table_responsive.html]
[demo.interface.club/limitless/demo/template/html/layout_1/full/datatable_responsive.html]
[demo.interface.club/limitless/demo/template/html/layout_1/full/job_list.html]
[demo.interface.club/limitless/demo/template/html/layout_1/full/job_grid.html]
[demo.interface.club/limitless/demo/template/html/layout_1/full/job_create.html]
[demo.interface.club/limitless/demo/template/assets/fonts/inter/Inter-italic.var32a8.html]
[demo.interface.club/limitless/demo/template/assets/icons/icomoon/fonts/icomoone627.svg]
[demo.interface.club/limitless/demo/template/assets/icons/material/fonts/material-icons119d.svg]
[demo.interface.club/limitless/demo/template/assets/icons/fontawesome/fonts/fa-solid-900.html]
[demo.interface.club/limitless/demo/template/assets/icons/fontawesome/fonts/fa-solid-900.svg]
[demo.interface.club/limitless/demo/template/assets/icons/fontawesome/fonts/fa-regular-400.html]
[demo.interface.club/limitless/demo/template/assets/icons/fontawesome/fonts/fa-regular-400.svg]
[demo.interface.club/limitless/demo/template/assets/icons/fontawesome/fonts/fa-brands-400.html]
[demo.interface.club/limitless/demo/template/assets/icons/fontawesome/fonts/fa-brands-400.svg]
